<?xml version="1.0" encoding="UTF-8"?>
<!-- Generated by org.testng.reporters.JUnitReportReporter -->
<testsuite hostname="LAPTOP-820TK6BR" failures="0" tests="1" name="testCases.verifySignUpTestCase" time="14.813" errors="0" timestamp="2022-08-31T21:24:41 IST" skipped="0">
  <testcase classname="testCases.verifySignUpTestCase" name="SignUp" time="14.813"/>
  <system-out/>
</testsuite> <!-- testCases.verifySignUpTestCase -->
